mail() on [/home/backcou2/public_html/dev1/demo/membersite/signup.php:117]: To: kshoufer@gmail.com -- Headers: From: info@ken-shoufer.com MIME-Version: 1.0 Content-type: text/html; charset=iso-8859-1
mail() on [/home/backcou2/public_html/dev1/demo/membersite/signup.php:117]: To: kshoufer@gmail.com -- Headers: From: info@ken-shoufer.com MIME-Version: 1.0 Content-type: text/html; charset=iso-8859-1
mail() on [/home/backcou2/public_html/dev1/demo/membersite/signup.php:117]: To: kshoufer@gmail.com -- Headers: From: info@ken-shoufer.com MIME-Version: 1.0 Content-type: text/html; charset=iso-8859-1
mail() on [/home/backcou2/public_html/dev1/demo/membersite/signup.php:117]: To: kshoufer2@gmail.com -- Headers: From: info@ken-shoufer.com MIME-Version: 1.0 Content-type: text/html; charset=iso-8859-1
mail() on [/home/backcou2/public_html/dev1/demo/membersite/signup.php:117]: To: kshoufer3@gmail.com -- Headers: From: info@ken-shoufer.com MIME-Version: 1.0 Content-type: text/html; charset=iso-8859-1
mail() on [/home/backcou2/public_html/dev1/demo/membersite/signup.php:117]: To: kshoufer22@gmail.com -- Headers: From: info@ken-shoufer.com MIME-Version: 1.0 Content-type: text/html; charset=iso-8859-1
mail() on [/home/backcou2/public_html/dev1/demo/membersite/signup.php:117]: To: kshoufer33@gmail.com -- Headers: From: info@ken-shoufer.com MIME-Version: 1.0 Content-type: text/html; charset=iso-8859-1
mail() on [/home/backcou2/public_html/dev1/demo/membersite/signup.php:117]: To: kshoufer44@gmail.com -- Headers: From: info@ken-shoufer.com MIME-Version: 1.0 Content-type: text/html; charset=iso-8859-1
mail() on [/home/backcou2/public_html/dev1/demo/membersite/signup.php:117]: To: kshoufer55@gmail.com -- Headers: From: info@ken-shoufer.com MIME-Version: 1.0 Content-type: text/html; charset=iso-8859-1
mail() on [/home/backcou2/public_html/dev1/demo/membersite/signup.php:117]: To: kshoufer77@gmail.com -- Headers: From: info@ken-shoufer.com MIME-Version: 1.0 Content-type: text/html; charset=iso-8859-1
mail() on [/home/backcou2/public_html/dev1/demo/membersite/signup.php:117]: To: kshoufer88@gmail.com -- Headers: From: info@ken-shoufer.com MIME-Version: 1.0 Content-type: text/html; charset=iso-8859-1
mail() on [/home/backcou2/public_html/dev1/demo/membersite/signup.php:117]: To: bsmith@yahoo.com -- Headers: From: info@ken-shoufer.com MIME-Version: 1.0 Content-type: text/html; charset=iso-8859-1
mail() on [/home/backcou2/public_html/dev1/demo/membersite/signup.php:117]: To: mary@nowhere.com -- Headers: From: info@ken-shoufer.com MIME-Version: 1.0 Content-type: text/html; charset=iso-8859-1
mail() on [/home/backcou2/public_html/dev1/demo/membersite/signup.php:117]: To: ted@nowhere.com -- Headers: From: info@ken-shoufer.com MIME-Version: 1.0 Content-type: text/html; charset=iso-8859-1
mail() on [/home/backcou2/public_html/dev1/demo/membersite/signup.php:117]: To: george@nowhere.com -- Headers: From: info@ken-shoufer.com MIME-Version: 1.0 Content-type: text/html; charset=iso-8859-1
mail() on [/home/backcou2/public_html/dev1/demo/membersite/signup.php:117]: To: hal.brooks@nowhere.com -- Headers: From: info@ken-shoufer.com MIME-Version: 1.0 Content-type: text/html; charset=iso-8859-1
mail() on [/home/backcou2/public_html/dev1/demo/membersite/signup.php:117]: To: sdsd -- Headers: From: info@ken-shoufer.com MIME-Version: 1.0 Content-type: text/html; charset=iso-8859-1
mail() on [/home/backcou2/public_html/dev1/demo/membersite/signup.php:117]: To: kshoufer@inbox.com -- Headers: From: info@ken-shoufer.com MIME-Version: 1.0 Content-type: text/html; charset=iso-8859-1
mail() on [/home/backcou2/public_html/dev1/demo/membersite/signup.php:117]: To: kshoufer@inbox.com -- Headers: From: info@ken-shoufer.com MIME-Version: 1.0 Content-type: text/html; charset=iso-8859-1
mail() on [/home/backcou2/public_html/dev1/demo/membersite/signup.php:117]: To: kshoufer@inbox.com -- Headers: From: info@ken-shoufer.com MIME-Version: 1.0 Content-type: text/html; charset=iso-8859-1
mail() on [/home/backcou2/public_html/dev1/demo/membersite/signup.php:117]: To: kshoufer@inbox.com -- Headers: From: info@ken-shoufer.com MIME-Version: 1.0 Content-type: text/html; charset=iso-8859-1
mail() on [/home/backcou2/public_html/dev1/demo/membersite/signup.php:117]: To: kshoufer@gmail.com -- Headers: From: info@ken-shoufer.com MIME-Version: 1.0 Content-type: text/html; charset=iso-8859-1
mail() on [/home/backcou2/public_html/dev1/demo/membersite/signup.php:117]: To: kshoufer@gmail.com -- Headers: From: info@ken-shoufer.com MIME-Version: 1.0 Content-type: text/html; charset=iso-8859-1
